{"numFailedTestSuites":0,"numFailedTests":0,"numPassedTestSuites":3,"numPassedTests":29,"numPendingTestSuites":0,"numPendingTests":0,"numRuntimeErrorTestSuites":0,"numTodoTests":0,"numTotalTestSuites":3,"numTotalTests":29,"openHandles":[],"snapshot":{"added":0,"didUpdate":false,"failure":false,"filesAdded":0,"filesRemoved":0,"filesUnmatched":0,"filesUpdated":0,"matched":0,"total":0,"unchecked":0,"uncheckedKeysByFile":[],"unmatched":0,"updated":0},"startTime":1560299504991,"success":true,"testResults":[{"assertionResults":[{"ancestorTitles":["hoisting"],"failureMessages":[],"fullName":"hoisting 1. a 輸出 2","location":null,"status":"passed","title":"1. a 輸出 2"},{"ancestorTitles":["hoisting"],"failureMessages":[],"fullName":"hoisting 2. a 輸出 undefined","location":null,"status":"passed","title":"2. a 輸出 undefined"},{"ancestorTitles":["hoisting"],"failureMessages":[],"fullName":"hoisting 3. (1)的結果如同","location":null,"status":"passed","title":"3. (1)的結果如同"},{"ancestorTitles":["hoisting"],"failureMessages":[],"fullName":"hoisting 4. (2)的結果如同","location":null,"status":"passed","title":"4. (2)的結果如同"},{"ancestorTitles":["hoisting"],"failureMessages":[],"fullName":"hoisting 5. a 在 foo function 輸出為 undefined","location":null,"status":"passed","title":"5. a 在 foo function 輸出為 undefined"},{"ancestorTitles":["hoisting"],"failureMessages":[],"fullName":"hoisting 6. (5)的結果如同","location":null,"status":"passed","title":"6. (5)的結果如同"},{"ancestorTitles":["hoisting"],"failureMessages":[],"fullName":"hoisting 7. foo 用賦值的方式給function內容","location":null,"status":"passed","title":"7. foo 用賦值的方式給function內容"},{"ancestorTitles":["hoisting"],"failureMessages":[],"fullName":"hoisting 8. (7)延伸 TypeError 與 ReferenceError","location":null,"status":"passed","title":"8. (7)延伸 TypeError 與 ReferenceError"}],"endTime":1560299514889,"message":"","name":"E:\\Data\\fmkuo\\Desktop\\storybook_jest\\__test__\\hoisting.test.tsx","startTime":1560299512765,"status":"passed","summary":""},{"assertionResults":[{"ancestorTitles":["scope closure"],"failureMessages":[],"fullName":"scope closure 1. 算閉包嗎?","location":null,"status":"passed","title":"1. 算閉包嗎?"},{"ancestorTitles":["scope closure"],"failureMessages":[],"fullName":"scope closure 2. 這是閉包!","location":null,"status":"passed","title":"2. 這是閉包!"},{"ancestorTitles":["scope closure"],"failureMessages":[],"fullName":"scope closure 3. 這也是閉包!","location":null,"status":"passed","title":"3. 這也是閉包!"},{"ancestorTitles":["scope closure"],"failureMessages":[],"fullName":"scope closure 4. 這也是閉包!","location":null,"status":"passed","title":"4. 這也是閉包!"},{"ancestorTitles":["scope closure"],"failureMessages":[],"fullName":"scope closure 5. setTimeout","location":null,"status":"passed","title":"5. setTimeout"},{"ancestorTitles":["scope closure"],"failureMessages":[],"fullName":"scope closure 7. IIFE","location":null,"status":"passed","title":"7. IIFE"},{"ancestorTitles":["scope closure"],"failureMessages":[],"fullName":"scope closure 8. Loops + Closure","location":null,"status":"passed","title":"8. Loops + Closure"},{"ancestorTitles":["scope closure"],"failureMessages":[],"fullName":"scope closure 9. Loops + Closure IIFE","location":null,"status":"passed","title":"9. Loops + Closure IIFE"},{"ancestorTitles":["scope closure"],"failureMessages":[],"fullName":"scope closure 10. Loops + Closure IIFE var j","location":null,"status":"passed","title":"10. Loops + Closure IIFE var j"},{"ancestorTitles":["scope closure"],"failureMessages":[],"fullName":"scope closure 11. Loops + Closure IIFE pass i","location":null,"status":"passed","title":"11. Loops + Closure IIFE pass i"},{"ancestorTitles":["scope closure"],"failureMessages":[],"fullName":"scope closure 12. Loops + Closure IIFE pass i","location":null,"status":"passed","title":"12. Loops + Closure IIFE pass i"},{"ancestorTitles":["scope closure"],"failureMessages":[],"fullName":"scope closure 13. Loops + Closure IIFE pass i","location":null,"status":"passed","title":"13. Loops + Closure IIFE pass i"},{"ancestorTitles":["scope closure"],"failureMessages":[],"fullName":"scope closure 14. Revealing Module","location":null,"status":"passed","title":"14. Revealing Module"},{"ancestorTitles":["scope closure"],"failureMessages":[],"fullName":"scope closure 15.Modern Modules","location":null,"status":"passed","title":"15.Modern Modules"}],"endTime":1560299516510,"message":"","name":"E:\\Data\\fmkuo\\Desktop\\storybook_jest\\__test__\\scope_closure.test.tsx","startTime":1560299512765,"status":"passed","summary":""},{"assertionResults":[{"ancestorTitles":["測試"],"failureMessages":[],"fullName":"測試 test 1 plus 2 result","location":null,"status":"passed","title":"test 1 plus 2 result"},{"ancestorTitles":["測試"],"failureMessages":[],"fullName":"測試 Button snapshot","location":null,"status":"passed","title":"Button snapshot"},{"ancestorTitles":["測試"],"failureMessages":[],"fullName":"測試 2 + 2 = 4","location":null,"status":"passed","title":"2 + 2 = 4"},{"ancestorTitles":["測試"],"failureMessages":[],"fullName":"測試 test int","location":null,"status":"passed","title":"test int"},{"ancestorTitles":["測試"],"failureMessages":[],"fullName":"測試 Test float","location":null,"status":"passed","title":"Test float"},{"ancestorTitles":["測試"],"failureMessages":[],"fullName":"測試 For array test in jest","location":null,"status":"passed","title":"For array test in jest"},{"ancestorTitles":["測試"],"failureMessages":[],"fullName":"測試 Special value","location":null,"status":"passed","title":"Special value"}],"endTime":1560299516697,"message":"","name":"E:\\Data\\fmkuo\\Desktop\\storybook_jest\\__test__\\button.test.tsx","startTime":1560299512765,"status":"passed","summary":""}],"wasInterrupted":false}